Using pre-set license
Built from '2020.3/staging' branch; Version is '2020.3.24f1 (79c78de19888) revision 7980941'; Using compiler version '192528614'; Build Type 'Release'
OS: 'Windows 10  (10.0.19044) 64bit Professional' Language: 'en' Physical Memory: 8129 MB
BatchMode: 1, IsHumanControllingUs: 0, StartBugReporterOnCrash: 0, Is64bit: 1, IsPro: 0

COMMAND LINE ARGUMENTS:
D:\Unity\2020.3.24f1\Editor\Unity.exe
-adb2
-batchMode
-noUpm
-name
AssetImportWorker0
-projectPath
C:/Users/trajk/FighterGame
-logFile
Logs/AssetImportWorker0.log
-srvPort
52958
Successfully changed project path to: C:/Users/trajk/FighterGame
C:/Users/trajk/FighterGame
Using Asset Import Pipeline V2.
Refreshing native plugins compatible for Editor in 56.76 ms, found 3 plugins.
Preloading 0 native plugins for Editor in 0.00 ms.
Initialize engine version: 2020.3.24f1 (79c78de19888)
[Subsystems] Discovering subsystems at path D:/Unity/2020.3.24f1/Editor/Data/Resources/UnitySubsystems
[Subsystems] Discovering subsystems at path C:/Users/trajk/FighterGame/Assets
GfxDevice: creating device client; threaded=0
Direct3D:
    Version:  Direct3D 11.0 [level 11.0]
    Renderer: NVIDIA GeForce GTX 750 Ti (ID=0x1380)
    Vendor:   
    VRAM:     2007 MB
    Driver:   30.0.15.1215
Initialize mono
Mono path[0] = 'D:/Unity/2020.3.24f1/Editor/Data/Managed'
Mono path[1] = 'D:/Unity/2020.3.24f1/Editor/Data/MonoBleedingEdge/lib/mono/unityjit'
Mono config path = 'D:/Unity/2020.3.24f1/Editor/Data/MonoBleedingEdge/etc'
Using monoOptions --debugger-agent=transport=dt_socket,embedding=1,server=y,suspend=n,address=127.0.0.1:56468
Begin MonoManager ReloadAssembly
Registering precompiled unity dll's ...
Register platform support module: D:/Unity/2020.3.24f1/Editor/Data/PlaybackEngines/WindowsStandaloneSupport/UnityEditor.WindowsStandalone.Extensions.dll
Registered in 0.001190 seconds.
Native extension for WindowsStandalone target not found
Refreshing native plugins compatible for Editor in 51.72 ms, found 3 plugins.
Preloading 0 native plugins for Editor in 0.00 ms.
Mono: successfully reloaded assembly
- Completed reload, in  0.692 seconds
Domain Reload Profiling:
	ReloadAssembly (693ms)
		BeginReloadAssembly (66ms)
			ExecutionOrderSort (0ms)
			DisableScriptedObjects (0ms)
			BackupInstance (0ms)
			ReleaseScriptingObjects (0ms)
			CreateAndSetChildDomain (1ms)
		EndReloadAssembly (546ms)
			LoadAssemblies (65ms)
			RebuildTransferFunctionScriptingTraits (0ms)
			SetupTypeCache (174ms)
			ReleaseScriptCaches (0ms)
			RebuildScriptCaches (41ms)
			SetupLoadedEditorAssemblies (212ms)
				LogAssemblyErrors (0ms)
				InitializePlatformSupportModulesInManaged (5ms)
				SetLoadedEditorAssemblies (0ms)
				RefreshPlugins (52ms)
				BeforeProcessingInitializeOnLoad (18ms)
				ProcessInitializeOnLoadAttributes (103ms)
				ProcessInitializeOnLoadMethodAttributes (34ms)
				AfterProcessingInitializeOnLoad (0ms)
				EditorAssembliesLoaded (0ms)
			ExecutionOrderSort2 (0ms)
			AwakeInstancesAfterBackupRestoration (0ms)
Platform modules already initialized, skipping
Registering precompiled user dll's ...
Registered in 0.010967 seconds.
Begin MonoManager ReloadAssembly
Native extension for WindowsStandalone target not found
Refreshing native plugins compatible for Editor in 51.47 ms, found 3 plugins.
Preloading 0 native plugins for Editor in 0.00 ms.
Mono: successfully reloaded assembly
- Completed reload, in  1.331 seconds
Domain Reload Profiling:
	ReloadAssembly (1332ms)
		BeginReloadAssembly (169ms)
			ExecutionOrderSort (0ms)
			DisableScriptedObjects (6ms)
			BackupInstance (0ms)
			ReleaseScriptingObjects (0ms)
			CreateAndSetChildDomain (23ms)
		EndReloadAssembly (1096ms)
			LoadAssemblies (104ms)
			RebuildTransferFunctionScriptingTraits (0ms)
			SetupTypeCache (350ms)
			ReleaseScriptCaches (1ms)
			RebuildScriptCaches (65ms)
			SetupLoadedEditorAssemblies (423ms)
				LogAssemblyErrors (0ms)
				InitializePlatformSupportModulesInManaged (4ms)
				SetLoadedEditorAssemblies (0ms)
				RefreshPlugins (52ms)
				BeforeProcessingInitializeOnLoad (97ms)
				ProcessInitializeOnLoadAttributes (247ms)
				ProcessInitializeOnLoadMethodAttributes (21ms)
				AfterProcessingInitializeOnLoad (2ms)
				EditorAssembliesLoaded (0ms)
			ExecutionOrderSort2 (0ms)
			AwakeInstancesAfterBackupRestoration (8ms)
Platform modules already initialized, skipping
========================================================================
Worker process is ready to serve import requests
Launched and connected shader compiler UnityShaderCompiler.exe after 0.09 seconds
Refreshing native plugins compatible for Editor in 0.76 ms, found 3 plugins.
Preloading 0 native plugins for Editor in 0.00 ms.
Unloading 2209 Unused Serialized files (Serialized files now loaded: 0)
System memory in use before: 116.3 MB.
System memory in use after: 116.4 MB.

Unloading 27 unused Assets to reduce memory usage. Loaded Objects now: 2668.
Total: 4.277100 ms (FindLiveObjects: 0.297900 ms CreateObjectMapping: 0.198300 ms MarkObjects: 3.722500 ms  DeleteObjects: 0.057200 ms)

AssetImportParameters requested are different than current active one (requested -> active):
  custom:framework-win-MediaFoundation: 216162199b28c13a410421893ffa2e32 -> 
  custom:video-decoder-ogg-theora: a1e56fd34408186e4bbccfd4996cb3dc -> 
  custom:container-muxer-webm: aa71ff27fc2769a1b78a27578f13a17b -> 
  custom:container-demuxer-webm: 4f35f7cbe854078d1ac9338744f61a02 -> 
  custom:container-demuxer-ogg: 62fdf1f143b41e24485cea50d1cbac27 -> 
  custom:video-encoder-webm-vp8: eb34c28f22e8b96e1ab97ce403110664 -> 
  custom:video-decoder-webm-vp8: 9c59270c3fd7afecdb556c50c9e8de78 -> 
  custom:audio-decoder-ogg-vorbis: bf7c407c2cedff20999df2af8eb42d56 -> 
  custom:audio-encoder-webm-vorbis: bf7c407c2cedff20999df2af8eb42d56 -> 
========================================================================
Received Import Request.
  path: Assets/asset od zombie/2D Zombie/Background/track.png
  artifactKey: Guid(ad0174e0c5603ab4ba3b11ef3e71fb86) Importer(815301076,1909f56bfc062723c751e8b465ee728b)
Start importing Assets/asset od zombie/2D Zombie/Background/track.png using Guid(ad0174e0c5603ab4ba3b11ef3e71fb86) Importer(815301076,1909f56bfc062723c751e8b465ee728b)  -> (artifact id: 'aa12fcd7c52236f0a92cc1c3ec83a431') in 0.380293 seconds 
  Import took 0.385720 seconds .

========================================================================
Received Import Request.
  Time since last request: 51.082163 seconds.
  path: Assets/Skripti/BackgroundScript.cs
  artifactKey: Guid(d7dd46accc1a05544bb379b2a9fdfe44) Importer(815301076,1909f56bfc062723c751e8b465ee728b)
Start importing Assets/Skripti/BackgroundScript.cs using Guid(d7dd46accc1a05544bb379b2a9fdfe44) Importer(815301076,1909f56bfc062723c751e8b465ee728b)  -> (artifact id: '25482d9af057d81b55d853625cfb55f6') in 0.013062 seconds 
  Import took 0.018578 seconds .

========================================================================
Received Import Request.
  Time since last request: 750.003659 seconds.
  path: Assets/Skripti/BackgroundScript.cs
  artifactKey: Guid(d7dd46accc1a05544bb379b2a9fdfe44) Importer(815301076,1909f56bfc062723c751e8b465ee728b)
Start importing Assets/Skripti/BackgroundScript.cs using Guid(d7dd46accc1a05544bb379b2a9fdfe44) Importer(815301076,1909f56bfc062723c751e8b465ee728b)  -> (artifact id: 'ff3b15107db7cfa55c18634a0e680d03') in 0.005329 seconds 
  Import took 0.011530 seconds .

========================================================================
Received Prepare
Registering precompiled user dll's ...
Registered in 0.013310 seconds.
Begin MonoManager ReloadAssembly
Native extension for WindowsStandalone target not found
Refreshing native plugins compatible for Editor in 0.57 ms, found 3 plugins.
Preloading 0 native plugins for Editor in 0.00 ms.
Mono: successfully reloaded assembly
- Completed reload, in  1.252 seconds
Domain Reload Profiling:
	ReloadAssembly (1252ms)
		BeginReloadAssembly (137ms)
			ExecutionOrderSort (0ms)
			DisableScriptedObjects (8ms)
			BackupInstance (0ms)
			ReleaseScriptingObjects (0ms)
			CreateAndSetChildDomain (44ms)
		EndReloadAssembly (1046ms)
			LoadAssemblies (105ms)
			RebuildTransferFunctionScriptingTraits (0ms)
			SetupTypeCache (370ms)
			ReleaseScriptCaches (1ms)
			RebuildScriptCaches (59ms)
			SetupLoadedEditorAssemblies (387ms)
				LogAssemblyErrors (0ms)
				InitializePlatformSupportModulesInManaged (5ms)
				SetLoadedEditorAssemblies (1ms)
				RefreshPlugins (1ms)
				BeforeProcessingInitializeOnLoad (103ms)
				ProcessInitializeOnLoadAttributes (261ms)
				ProcessInitializeOnLoadMethodAttributes (14ms)
				AfterProcessingInitializeOnLoad (3ms)
				EditorAssembliesLoaded (0ms)
			ExecutionOrderSort2 (0ms)
			AwakeInstancesAfterBackupRestoration (11ms)
Platform modules already initialized, skipping
Refreshing native plugins compatible for Editor in 0.59 ms, found 3 plugins.
Preloading 0 native plugins for Editor in 0.00 ms.
Unloading 2198 Unused Serialized files (Serialized files now loaded: 0)
System memory in use before: 118.6 MB.
System memory in use after: 118.7 MB.

Unloading 17 unused Assets to reduce memory usage. Loaded Objects now: 2677.
Total: 3.896700 ms (FindLiveObjects: 0.253600 ms CreateObjectMapping: 0.168600 ms MarkObjects: 3.426400 ms  DeleteObjects: 0.047400 ms)

AssetImportParameters requested are different than current active one (requested -> active):
  custom:framework-win-MediaFoundation: 216162199b28c13a410421893ffa2e32 -> 
  custom:video-decoder-ogg-theora: a1e56fd34408186e4bbccfd4996cb3dc -> 
  custom:container-muxer-webm: aa71ff27fc2769a1b78a27578f13a17b -> 
  custom:container-demuxer-webm: 4f35f7cbe854078d1ac9338744f61a02 -> 
  custom:container-demuxer-ogg: 62fdf1f143b41e24485cea50d1cbac27 -> 
  custom:video-encoder-webm-vp8: eb34c28f22e8b96e1ab97ce403110664 -> 
  custom:video-decoder-webm-vp8: 9c59270c3fd7afecdb556c50c9e8de78 -> 
  custom:audio-decoder-ogg-vorbis: bf7c407c2cedff20999df2af8eb42d56 -> 
  custom:audio-encoder-webm-vorbis: bf7c407c2cedff20999df2af8eb42d56 -> 
========================================================================
Received Prepare
Registering precompiled user dll's ...
Registered in 0.005753 seconds.
Begin MonoManager ReloadAssembly
Native extension for WindowsStandalone target not found
Refreshing native plugins compatible for Editor in 0.59 ms, found 3 plugins.
Preloading 0 native plugins for Editor in 0.00 ms.
Mono: successfully reloaded assembly
- Completed reload, in  1.220 seconds
Domain Reload Profiling:
	ReloadAssembly (1220ms)
		BeginReloadAssembly (126ms)
			ExecutionOrderSort (0ms)
			DisableScriptedObjects (8ms)
			BackupInstance (0ms)
			ReleaseScriptingObjects (0ms)
			CreateAndSetChildDomain (41ms)
		EndReloadAssembly (1024ms)
			LoadAssemblies (104ms)
			RebuildTransferFunctionScriptingTraits (0ms)
			SetupTypeCache (351ms)
			ReleaseScriptCaches (1ms)
			RebuildScriptCaches (58ms)
			SetupLoadedEditorAssemblies (386ms)
				LogAssemblyErrors (0ms)
				InitializePlatformSupportModulesInManaged (6ms)
				SetLoadedEditorAssemblies (1ms)
				RefreshPlugins (1ms)
				BeforeProcessingInitializeOnLoad (100ms)
				ProcessInitializeOnLoadAttributes (261ms)
				ProcessInitializeOnLoadMethodAttributes (14ms)
				AfterProcessingInitializeOnLoad (2ms)
				EditorAssembliesLoaded (0ms)
			ExecutionOrderSort2 (0ms)
			AwakeInstancesAfterBackupRestoration (11ms)
Platform modules already initialized, skipping
Refreshing native plugins compatible for Editor in 0.95 ms, found 3 plugins.
Preloading 0 native plugins for Editor in 0.00 ms.
Unloading 2198 Unused Serialized files (Serialized files now loaded: 0)
System memory in use before: 118.6 MB.
System memory in use after: 118.7 MB.

Unloading 17 unused Assets to reduce memory usage. Loaded Objects now: 2679.
Total: 4.276600 ms (FindLiveObjects: 0.352900 ms CreateObjectMapping: 0.267500 ms MarkObjects: 3.630400 ms  DeleteObjects: 0.024200 ms)

AssetImportParameters requested are different than current active one (requested -> active):
  custom:framework-win-MediaFoundation: 216162199b28c13a410421893ffa2e32 -> 
  custom:video-decoder-ogg-theora: a1e56fd34408186e4bbccfd4996cb3dc -> 
  custom:container-muxer-webm: aa71ff27fc2769a1b78a27578f13a17b -> 
  custom:container-demuxer-webm: 4f35f7cbe854078d1ac9338744f61a02 -> 
  custom:container-demuxer-ogg: 62fdf1f143b41e24485cea50d1cbac27 -> 
  custom:video-encoder-webm-vp8: eb34c28f22e8b96e1ab97ce403110664 -> 
  custom:video-decoder-webm-vp8: 9c59270c3fd7afecdb556c50c9e8de78 -> 
  custom:audio-decoder-ogg-vorbis: bf7c407c2cedff20999df2af8eb42d56 -> 
  custom:audio-encoder-webm-vorbis: bf7c407c2cedff20999df2af8eb42d56 -> 
========================================================================
Received Prepare
Registering precompiled user dll's ...
Registered in 0.023475 seconds.
Begin MonoManager ReloadAssembly
Native extension for WindowsStandalone target not found
Refreshing native plugins compatible for Editor in 0.58 ms, found 3 plugins.
Preloading 0 native plugins for Editor in 0.00 ms.
Mono: successfully reloaded assembly
- Completed reload, in  1.516 seconds
Domain Reload Profiling:
	ReloadAssembly (1516ms)
		BeginReloadAssembly (161ms)
			ExecutionOrderSort (0ms)
			DisableScriptedObjects (10ms)
			BackupInstance (0ms)
			ReleaseScriptingObjects (0ms)
			CreateAndSetChildDomain (45ms)
		EndReloadAssembly (1273ms)
			LoadAssemblies (173ms)
			RebuildTransferFunctionScriptingTraits (0ms)
			SetupTypeCache (393ms)
			ReleaseScriptCaches (1ms)
			RebuildScriptCaches (76ms)
			SetupLoadedEditorAssemblies (502ms)
				LogAssemblyErrors (0ms)
				InitializePlatformSupportModulesInManaged (6ms)
				SetLoadedEditorAssemblies (1ms)
				RefreshPlugins (1ms)
				BeforeProcessingInitializeOnLoad (106ms)
				ProcessInitializeOnLoadAttributes (335ms)
				ProcessInitializeOnLoadMethodAttributes (51ms)
				AfterProcessingInitializeOnLoad (3ms)
				EditorAssembliesLoaded (0ms)
			ExecutionOrderSort2 (0ms)
			AwakeInstancesAfterBackupRestoration (12ms)
Platform modules already initialized, skipping
Refreshing native plugins compatible for Editor in 0.64 ms, found 3 plugins.
Preloading 0 native plugins for Editor in 0.00 ms.
Unloading 2198 Unused Serialized files (Serialized files now loaded: 0)
System memory in use before: 118.6 MB.
System memory in use after: 118.8 MB.

Unloading 17 unused Assets to reduce memory usage. Loaded Objects now: 2681.
Total: 3.391900 ms (FindLiveObjects: 0.214800 ms CreateObjectMapping: 0.097300 ms MarkObjects: 3.057500 ms  DeleteObjects: 0.020600 ms)

AssetImportParameters requested are different than current active one (requested -> active):
  custom:framework-win-MediaFoundation: 216162199b28c13a410421893ffa2e32 -> 
  custom:video-decoder-ogg-theora: a1e56fd34408186e4bbccfd4996cb3dc -> 
  custom:container-muxer-webm: aa71ff27fc2769a1b78a27578f13a17b -> 
  custom:container-demuxer-webm: 4f35f7cbe854078d1ac9338744f61a02 -> 
  custom:container-demuxer-ogg: 62fdf1f143b41e24485cea50d1cbac27 -> 
  custom:video-encoder-webm-vp8: eb34c28f22e8b96e1ab97ce403110664 -> 
  custom:video-decoder-webm-vp8: 9c59270c3fd7afecdb556c50c9e8de78 -> 
  custom:audio-decoder-ogg-vorbis: bf7c407c2cedff20999df2af8eb42d56 -> 
  custom:audio-encoder-webm-vorbis: bf7c407c2cedff20999df2af8eb42d56 -> 
========================================================================
Received Import Request.
  Time since last request: 1225.450634 seconds.
  path: Assets/2D Monsters Pack Animated/mob_4_animation/mob_4_gait/mob_4_gait_00013.png
  artifactKey: Guid(9ba3da8fb1ef50f4dbf686367b9ae4a0) Importer(815301076,1909f56bfc062723c751e8b465ee728b)
Start importing Assets/2D Monsters Pack Animated/mob_4_animation/mob_4_gait/mob_4_gait_00013.png using Guid(9ba3da8fb1ef50f4dbf686367b9ae4a0) Importer(815301076,1909f56bfc062723c751e8b465ee728b)  -> (artifact id: '45a7b67bbef99076464db72de4c9d4ad') in 0.130120 seconds 
  Import took 0.139227 seconds .

========================================================================
Received Import Request.
  Time since last request: 0.101673 seconds.
  path: Assets/2D Monsters Pack Animated/mob_4_animation/mob_4_gait/mob_4_gait_00012.png
  artifactKey: Guid(5d7c71241b09dc246944c900a3c7cc8f) Importer(815301076,1909f56bfc062723c751e8b465ee728b)
Start importing Assets/2D Monsters Pack Animated/mob_4_animation/mob_4_gait/mob_4_gait_00012.png using Guid(5d7c71241b09dc246944c900a3c7cc8f) Importer(815301076,1909f56bfc062723c751e8b465ee728b)  -> (artifact id: '8b2de6f26fdeb6d449ef22925bae9b98') in 0.054715 seconds 
  Import took 0.061470 seconds .

========================================================================
Received Import Request.
  Time since last request: 0.000309 seconds.
  path: Assets/2D Monsters Pack Animated/mob_4_animation/mob_4_gait/mob_4_gait_00011.png
  artifactKey: Guid(ffc4ba5d6fcc520439ae8fd32a97f627) Importer(815301076,1909f56bfc062723c751e8b465ee728b)
Start importing Assets/2D Monsters Pack Animated/mob_4_animation/mob_4_gait/mob_4_gait_00011.png using Guid(ffc4ba5d6fcc520439ae8fd32a97f627) Importer(815301076,1909f56bfc062723c751e8b465ee728b)  -> (artifact id: 'e120f47bcd0083dc8bda9a6b76cdcfe7') in 0.045746 seconds 
  Import took 0.050457 seconds .

========================================================================
Received Import Request.
  Time since last request: 0.154366 seconds.
  path: Assets/2D Monsters Pack Animated/mob_4_animation/mob_4_gait/mob_4_gait_00010.png
  artifactKey: Guid(b1f8d15b240f25442b21e94c15763856) Importer(815301076,1909f56bfc062723c751e8b465ee728b)
Start importing Assets/2D Monsters Pack Animated/mob_4_animation/mob_4_gait/mob_4_gait_00010.png using Guid(b1f8d15b240f25442b21e94c15763856) Importer(815301076,1909f56bfc062723c751e8b465ee728b)  -> (artifact id: 'b3931e5e4df85e166ee9587dd2070120') in 0.065027 seconds 
  Import took 0.076660 seconds .

========================================================================
Received Import Request.
  Time since last request: 0.000374 seconds.
  path: Assets/2D Monsters Pack Animated/mob_4_animation/mob_4_gait/mob_4_gait_00009.png
  artifactKey: Guid(429cafdb0fa712a448532f304c1e9509) Importer(815301076,1909f56bfc062723c751e8b465ee728b)
Start importing Assets/2D Monsters Pack Animated/mob_4_animation/mob_4_gait/mob_4_gait_00009.png using Guid(429cafdb0fa712a448532f304c1e9509) Importer(815301076,1909f56bfc062723c751e8b465ee728b)  -> (artifact id: '54824e1f08595edd10c2a75ef76bf07a') in 0.064227 seconds 
  Import took 0.068973 seconds .

========================================================================
Received Import Request.
  Time since last request: 3.386373 seconds.
  path: Assets/2D Monsters Pack Animated/mob_4_animation/mob_4_gait/mob_4_gait_00002.png
  artifactKey: Guid(826d8d7662c3fd6428a2f41414a4f188) Importer(815301076,1909f56bfc062723c751e8b465ee728b)
Start importing Assets/2D Monsters Pack Animated/mob_4_animation/mob_4_gait/mob_4_gait_00002.png using Guid(826d8d7662c3fd6428a2f41414a4f188) Importer(815301076,1909f56bfc062723c751e8b465ee728b)  -> (artifact id: '2be0cefc05e59a1961b6ba3d870e74d7') in 0.063443 seconds 
  Import took 0.070697 seconds .

========================================================================
Received Import Request.
  Time since last request: 0.000260 seconds.
  path: Assets/2D Monsters Pack Animated/mob_4_animation/mob_4_gait/mob_4_gait_00001.png
  artifactKey: Guid(f2a7718635fafd4468ab760c51a89bc2) Importer(815301076,1909f56bfc062723c751e8b465ee728b)
Start importing Assets/2D Monsters Pack Animated/mob_4_animation/mob_4_gait/mob_4_gait_00001.png using Guid(f2a7718635fafd4468ab760c51a89bc2) Importer(815301076,1909f56bfc062723c751e8b465ee728b)  -> (artifact id: '3bdf8babb2ed2cb8ba97613fddbc4be0') in 0.055706 seconds 
  Import took 0.061240 seconds .

========================================================================
Received Import Request.
  Time since last request: 0.000245 seconds.
  path: Assets/2D Monsters Pack Animated/mob_4_animation/mob_4_stand/mob_4_00018.png
  artifactKey: Guid(ae69971086834934094e50a4fdbbbef2) Importer(815301076,1909f56bfc062723c751e8b465ee728b)
Start importing Assets/2D Monsters Pack Animated/mob_4_animation/mob_4_stand/mob_4_00018.png using Guid(ae69971086834934094e50a4fdbbbef2) Importer(815301076,1909f56bfc062723c751e8b465ee728b)  -> (artifact id: 'e1d9c9a5fda2ec08905f213f00740416') in 0.074282 seconds 
  Import took 0.080375 seconds .

========================================================================
Received Import Request.
  Time since last request: 0.000216 seconds.
  path: Assets/2D Monsters Pack Animated/mob_4_animation/mob_4_gait/mob_4_gait_00003.png
  artifactKey: Guid(a9450d25fecb8574f81d6de7024d8aa7) Importer(815301076,1909f56bfc062723c751e8b465ee728b)
Start importing Assets/2D Monsters Pack Animated/mob_4_animation/mob_4_gait/mob_4_gait_00003.png using Guid(a9450d25fecb8574f81d6de7024d8aa7) Importer(815301076,1909f56bfc062723c751e8b465ee728b)  -> (artifact id: '0388e0542b4ac04467a53d1e741591b9') in 0.045284 seconds 
  Import took 0.052584 seconds .

========================================================================
Received Import Request.
  Time since last request: 0.000453 seconds.
  path: Assets/2D Monsters Pack Animated/mob_4_animation/mob_4_gait/mob_4_gait_00000.png
  artifactKey: Guid(992bd3f1333f8634d8fbdae2fdd69c18) Importer(815301076,1909f56bfc062723c751e8b465ee728b)
Start importing Assets/2D Monsters Pack Animated/mob_4_animation/mob_4_gait/mob_4_gait_00000.png using Guid(992bd3f1333f8634d8fbdae2fdd69c18) Importer(815301076,1909f56bfc062723c751e8b465ee728b)  -> (artifact id: '44f1b868685d1889a1c4c64d400ce5df') in 0.057045 seconds 
  Import took 0.062881 seconds .

========================================================================
Received Import Request.
  Time since last request: 0.000205 seconds.
  path: Assets/2D Monsters Pack Animated/mob_4_animation/mob_4_attack/mob_4_atack00008.png
  artifactKey: Guid(2305fd797d7f050469c5a22f7fdbbd4c) Importer(815301076,1909f56bfc062723c751e8b465ee728b)
Start importing Assets/2D Monsters Pack Animated/mob_4_animation/mob_4_attack/mob_4_atack00008.png using Guid(2305fd797d7f050469c5a22f7fdbbd4c) Importer(815301076,1909f56bfc062723c751e8b465ee728b)  -> (artifact id: '4993530b3b7023ffcd3c896126383d78') in 0.052903 seconds 
  Import took 0.057391 seconds .

========================================================================
Received Import Request.
  Time since last request: 0.000201 seconds.
  path: Assets/2D Monsters Pack Animated/mob_4_animation/mob_4_attack/mob_4_atack00009.png
  artifactKey: Guid(ef545cbaa6507db4783b8e8696b186ec) Importer(815301076,1909f56bfc062723c751e8b465ee728b)
Start importing Assets/2D Monsters Pack Animated/mob_4_animation/mob_4_attack/mob_4_atack00009.png using Guid(ef545cbaa6507db4783b8e8696b186ec) Importer(815301076,1909f56bfc062723c751e8b465ee728b)  -> (artifact id: 'd0b138dce4cb07ae17bcbcd497f6787d') in 0.049622 seconds 
  Import took 0.053633 seconds .

========================================================================
Received Import Request.
  Time since last request: 0.000203 seconds.
  path: Assets/2D Monsters Pack Animated/mob_4_animation/mob_4_fly/mob_4_fly_00006.png
  artifactKey: Guid(b82f1f5ec17a21d438d7cc6aca6aadd8) Importer(815301076,1909f56bfc062723c751e8b465ee728b)
Start importing Assets/2D Monsters Pack Animated/mob_4_animation/mob_4_fly/mob_4_fly_00006.png using Guid(b82f1f5ec17a21d438d7cc6aca6aadd8) Importer(815301076,1909f56bfc062723c751e8b465ee728b)  -> (artifact id: 'fd6306bd4e728bd21883d3190593ca64') in 0.042261 seconds 
  Import took 0.046849 seconds .

========================================================================
Received Import Request.
  Time since last request: 0.000247 seconds.
  path: Assets/2D Monsters Pack Animated/mob_4_animation/mob_4_death/mob_4_death_00003.png
  artifactKey: Guid(f18bcc052bb760b488a1ee604bf6eb8c) Importer(815301076,1909f56bfc062723c751e8b465ee728b)
Start importing Assets/2D Monsters Pack Animated/mob_4_animation/mob_4_death/mob_4_death_00003.png using Guid(f18bcc052bb760b488a1ee604bf6eb8c) Importer(815301076,1909f56bfc062723c751e8b465ee728b)  -> (artifact id: '6de61ee55f9e4b904683df46f408b27b') in 0.049091 seconds 
  Import took 0.053230 seconds .

========================================================================
Received Import Request.
  Time since last request: 0.000243 seconds.
  path: Assets/2D Monsters Pack Animated/mob_4_animation/mob_4_stand/mob_4_00004.png
  artifactKey: Guid(6c6d8549e47346f439add61c173b06a5) Importer(815301076,1909f56bfc062723c751e8b465ee728b)
Start importing Assets/2D Monsters Pack Animated/mob_4_animation/mob_4_stand/mob_4_00004.png using Guid(6c6d8549e47346f439add61c173b06a5) Importer(815301076,1909f56bfc062723c751e8b465ee728b)  -> (artifact id: '9881230c85738d64942be0fb08dae549') in 0.044594 seconds 
  Import took 0.048582 seconds .

========================================================================
Received Import Request.
  Time since last request: 0.000245 seconds.
  path: Assets/2D Monsters Pack Animated/mob_4_animation/mob_4_death/mob_4_death_00010.png
  artifactKey: Guid(89d9a8b4332a3d448994118ba5cce3ac) Importer(815301076,1909f56bfc062723c751e8b465ee728b)
Start importing Assets/2D Monsters Pack Animated/mob_4_animation/mob_4_death/mob_4_death_00010.png using Guid(89d9a8b4332a3d448994118ba5cce3ac) Importer(815301076,1909f56bfc062723c751e8b465ee728b)  -> (artifact id: '8732c372f70bbdbf7ccb932aa101a741') in 0.046955 seconds 
  Import took 0.051084 seconds .

========================================================================
Received Import Request.
  Time since last request: 0.000195 seconds.
  path: Assets/2D Monsters Pack Animated/mob_4_animation/mob_4_death/mob_4_death_00005.png
  artifactKey: Guid(86219803b8713fd408b1a4c0f047f87e) Importer(815301076,1909f56bfc062723c751e8b465ee728b)
Start importing Assets/2D Monsters Pack Animated/mob_4_animation/mob_4_death/mob_4_death_00005.png using Guid(86219803b8713fd408b1a4c0f047f87e) Importer(815301076,1909f56bfc062723c751e8b465ee728b)  -> (artifact id: 'de59d0926b7b507ddd294000aae4cb68') in 0.039521 seconds 
  Import took 0.043665 seconds .

========================================================================
Received Import Request.
  Time since last request: 0.000194 seconds.
  path: Assets/2D Monsters Pack Animated/mob_4_animation/mob_4_stand/mob_4_00001.png
  artifactKey: Guid(466997b267565564181862e543e11b8b) Importer(815301076,1909f56bfc062723c751e8b465ee728b)
Start importing Assets/2D Monsters Pack Animated/mob_4_animation/mob_4_stand/mob_4_00001.png using Guid(466997b267565564181862e543e11b8b) Importer(815301076,1909f56bfc062723c751e8b465ee728b)  -> (artifact id: '51386ac6a78c266af5bb3a68d0ddc7b5') in 0.041965 seconds 
  Import took 0.046648 seconds .

========================================================================
Received Import Request.
  Time since last request: 0.000207 seconds.
  path: Assets/2D Monsters Pack Animated/mob_4_animation/mob_4_gait/mob_4_gait_00006.png
  artifactKey: Guid(12a0280dd75d8574a9bce7b0c492430d) Importer(815301076,1909f56bfc062723c751e8b465ee728b)
Start importing Assets/2D Monsters Pack Animated/mob_4_animation/mob_4_gait/mob_4_gait_00006.png using Guid(12a0280dd75d8574a9bce7b0c492430d) Importer(815301076,1909f56bfc062723c751e8b465ee728b)  -> (artifact id: '977c3bb67337405529718d3828241290') in 0.046027 seconds 
  Import took 0.050689 seconds .

========================================================================
Received Import Request.
  Time since last request: 0.000199 seconds.
  path: Assets/2D Monsters Pack Animated/mob_4_animation/mob_4_attack/mob_4_atack00006.png
  artifactKey: Guid(a8a44261a2946244d84b752288f9b262) Importer(815301076,1909f56bfc062723c751e8b465ee728b)
Start importing Assets/2D Monsters Pack Animated/mob_4_animation/mob_4_attack/mob_4_atack00006.png using Guid(a8a44261a2946244d84b752288f9b262) Importer(815301076,1909f56bfc062723c751e8b465ee728b)  -> (artifact id: 'c3ec771a5792cc18e83f3bbaa419f9f8') in 0.044045 seconds 
  Import took 0.048623 seconds .

========================================================================
Received Import Request.
  Time since last request: 0.000201 seconds.
  path: Assets/2D Monsters Pack Animated/mob_4_animation/mob_4_gait/mob_4_gait_00005.png
  artifactKey: Guid(01f8011215db7174a81336e5de267fb8) Importer(815301076,1909f56bfc062723c751e8b465ee728b)
Start importing Assets/2D Monsters Pack Animated/mob_4_animation/mob_4_gait/mob_4_gait_00005.png using Guid(01f8011215db7174a81336e5de267fb8) Importer(815301076,1909f56bfc062723c751e8b465ee728b)  -> (artifact id: '2f7282f16ab9062ae56a4e5751e2c2f9') in 0.039721 seconds 
  Import took 0.044267 seconds .

========================================================================
Received Import Request.
  Time since last request: 0.000208 seconds.
  path: Assets/2D Monsters Pack Animated/mob_4_animation/mob_4_stand/mob_4_00003.png
  artifactKey: Guid(4553db02e88a48d4fbfc86c938fd2f03) Importer(815301076,1909f56bfc062723c751e8b465ee728b)
Start importing Assets/2D Monsters Pack Animated/mob_4_animation/mob_4_stand/mob_4_00003.png using Guid(4553db02e88a48d4fbfc86c938fd2f03) Importer(815301076,1909f56bfc062723c751e8b465ee728b)  -> (artifact id: '174fc49a3e0bc0ccbc65117f1db579a1') in 0.042255 seconds 
  Import took 0.046413 seconds .

========================================================================
Received Import Request.
  Time since last request: 0.000218 seconds.
  path: Assets/2D Monsters Pack Animated/mob_4_animation/mob_4_fly/mob_4_fly_00009.png
  artifactKey: Guid(21af4f1a388fe7849bb4f7f275f8f833) Importer(815301076,1909f56bfc062723c751e8b465ee728b)
Start importing Assets/2D Monsters Pack Animated/mob_4_animation/mob_4_fly/mob_4_fly_00009.png using Guid(21af4f1a388fe7849bb4f7f275f8f833) Importer(815301076,1909f56bfc062723c751e8b465ee728b)  -> (artifact id: 'd42a86f6ca0ee99ab584e349daeea63c') in 0.040693 seconds 
  Import took 0.044797 seconds .

========================================================================
Received Import Request.
  Time since last request: 0.000194 seconds.
  path: Assets/2D Monsters Pack Animated/mob_4_animation/mob_4_death/mob_4_death_00015.png
  artifactKey: Guid(69b7860eaa79c634388de652c0874892) Importer(815301076,1909f56bfc062723c751e8b465ee728b)
Start importing Assets/2D Monsters Pack Animated/mob_4_animation/mob_4_death/mob_4_death_00015.png using Guid(69b7860eaa79c634388de652c0874892) Importer(815301076,1909f56bfc062723c751e8b465ee728b)  -> (artifact id: '6ef75a92413ba4bd174f5200baed3c1b') in 0.041205 seconds 
  Import took 0.045018 seconds .

========================================================================
Received Import Request.
  Time since last request: 0.000193 seconds.
  path: Assets/2D Monsters Pack Animated/mob_4_animation/mob_4_death/mob_4_death_00004.png
  artifactKey: Guid(d7393ebf5e549874291ae951d2b3c187) Importer(815301076,1909f56bfc062723c751e8b465ee728b)
Start importing Assets/2D Monsters Pack Animated/mob_4_animation/mob_4_death/mob_4_death_00004.png using Guid(d7393ebf5e549874291ae951d2b3c187) Importer(815301076,1909f56bfc062723c751e8b465ee728b)  -> (artifact id: 'e5b27917ad6d0a7564dee00048c2c9a9') in 0.044067 seconds 
  Import took 0.048439 seconds .

========================================================================
Received Import Request.
  Time since last request: 0.000201 seconds.
  path: Assets/2D Monsters Pack Animated/mob_4_animation/mob_4_fly/mob_4_fly_00010.png
  artifactKey: Guid(22b9a1eef4cca0142aac2d24913110e0) Importer(815301076,1909f56bfc062723c751e8b465ee728b)
Start importing Assets/2D Monsters Pack Animated/mob_4_animation/mob_4_fly/mob_4_fly_00010.png using Guid(22b9a1eef4cca0142aac2d24913110e0) Importer(815301076,1909f56bfc062723c751e8b465ee728b)  -> (artifact id: 'ce68ef5b6f316012219d746d9ba16ee7') in 0.047745 seconds 
  Import took 0.052095 seconds .

========================================================================
Received Import Request.
  Time since last request: 0.000256 seconds.
  path: Assets/2D Monsters Pack Animated/mob_4_animation/mob_4_death/mob_4_death_00008.png
  artifactKey: Guid(6a9350c9c68eff5459381ab07594495f) Importer(815301076,1909f56bfc062723c751e8b465ee728b)
Start importing Assets/2D Monsters Pack Animated/mob_4_animation/mob_4_death/mob_4_death_00008.png using Guid(6a9350c9c68eff5459381ab07594495f) Importer(815301076,1909f56bfc062723c751e8b465ee728b)  -> (artifact id: '4e7ec7bd3d506de42669eb84a2a46a69') in 0.053696 seconds 
  Import took 0.058905 seconds .

========================================================================
Received Import Request.
  Time since last request: 0.000199 seconds.
  path: Assets/2D Monsters Pack Animated/mob_4_animation/mob_4_death/mob_4_death_00000.png
  artifactKey: Guid(38d093d6c9c116d48b4fe2d7b759b793) Importer(815301076,1909f56bfc062723c751e8b465ee728b)
Start importing Assets/2D Monsters Pack Animated/mob_4_animation/mob_4_death/mob_4_death_00000.png using Guid(38d093d6c9c116d48b4fe2d7b759b793) Importer(815301076,1909f56bfc062723c751e8b465ee728b)  -> (artifact id: '61aefafdd13c0bffd0fd3b1ce6ecc1c1') in 0.056865 seconds 
  Import took 0.061607 seconds .

========================================================================
Received Import Request.
  Time since last request: 0.000233 seconds.
  path: Assets/2D Monsters Pack Animated/mob_4_animation/mob_4_attack/mob_4_atack00005.png
  artifactKey: Guid(08c6b0b6dc47b7c4cbebfc101459337d) Importer(815301076,1909f56bfc062723c751e8b465ee728b)
Start importing Assets/2D Monsters Pack Animated/mob_4_animation/mob_4_attack/mob_4_atack00005.png using Guid(08c6b0b6dc47b7c4cbebfc101459337d) Importer(815301076,1909f56bfc062723c751e8b465ee728b)  -> (artifact id: 'dd9e70705ef6b7735aac0ee90fec0453') in 0.051596 seconds 
  Import took 0.056106 seconds .

========================================================================
Received Import Request.
  Time since last request: 0.000216 seconds.
  path: Assets/2D Monsters Pack Animated/mob_4_animation/mob_4_attack/mob_4_atack00004.png
  artifactKey: Guid(0c4878cbf47a9514995d938b91261729) Importer(815301076,1909f56bfc062723c751e8b465ee728b)
Start importing Assets/2D Monsters Pack Animated/mob_4_animation/mob_4_attack/mob_4_atack00004.png using Guid(0c4878cbf47a9514995d938b91261729) Importer(815301076,1909f56bfc062723c751e8b465ee728b)  -> (artifact id: '9859ae4018140b2cd5682b5c41cb1ddd') in 0.048166 seconds 
  Import took 0.052508 seconds .

========================================================================
Received Import Request.
  Time since last request: 0.000208 seconds.
  path: Assets/2D Monsters Pack Animated/mob_4_animation/mob_4_stand/mob_4_00024.png
  artifactKey: Guid(163046551dcf48443b6ab061217afd7d) Importer(815301076,1909f56bfc062723c751e8b465ee728b)
Start importing Assets/2D Monsters Pack Animated/mob_4_animation/mob_4_stand/mob_4_00024.png using Guid(163046551dcf48443b6ab061217afd7d) Importer(815301076,1909f56bfc062723c751e8b465ee728b)  -> (artifact id: 'cc5fc4fe41b8584d9770e520d736a9d6') in 0.043320 seconds 
  Import took 0.048456 seconds .

========================================================================
Received Import Request.
  Time since last request: 0.000209 seconds.
  path: Assets/2D Monsters Pack Animated/mob_4_animation/mob_4_death/mob_4_death_00002.png
  artifactKey: Guid(6f3e1f6c717c0794ea9939ed2b5fe453) Importer(815301076,1909f56bfc062723c751e8b465ee728b)
Start importing Assets/2D Monsters Pack Animated/mob_4_animation/mob_4_death/mob_4_death_00002.png using Guid(6f3e1f6c717c0794ea9939ed2b5fe453) Importer(815301076,1909f56bfc062723c751e8b465ee728b)  -> (artifact id: '10065ee1992d9eb88df8e44e8dea2fbd') in 0.049888 seconds 
  Import took 0.055317 seconds .

========================================================================
Received Import Request.
  Time since last request: 0.000209 seconds.
  path: Assets/2D Monsters Pack Animated/mob_4_animation/mob_4_stand/mob_4_00000.png
  artifactKey: Guid(7630d7557e9b79641a9b177fa0cfd88c) Importer(815301076,1909f56bfc062723c751e8b465ee728b)
Start importing Assets/2D Monsters Pack Animated/mob_4_animation/mob_4_stand/mob_4_00000.png using Guid(7630d7557e9b79641a9b177fa0cfd88c) Importer(815301076,1909f56bfc062723c751e8b465ee728b)  -> (artifact id: '461abee667896f5d264071c43740b17b') in 0.042377 seconds 
  Import took 0.046846 seconds .

========================================================================
Received Import Request.
  Time since last request: 0.000196 seconds.
  path: Assets/2D Monsters Pack Animated/mob_4_animation/mob_4_stand/mob_4_00019.png
  artifactKey: Guid(a274452e3ff95e64cb27e863be7c4ea6) Importer(815301076,1909f56bfc062723c751e8b465ee728b)
Start importing Assets/2D Monsters Pack Animated/mob_4_animation/mob_4_stand/mob_4_00019.png using Guid(a274452e3ff95e64cb27e863be7c4ea6) Importer(815301076,1909f56bfc062723c751e8b465ee728b)  -> (artifact id: 'e118b7abd9c53215c9229afc56001e8f') in 0.045179 seconds 
  Import took 0.049056 seconds .

========================================================================
Received Import Request.
  Time since last request: 0.000191 seconds.
  path: Assets/2D Monsters Pack Animated/mob_4_animation/mob_4_attack/mob_4_atack00000.png
  artifactKey: Guid(1bee38a1af32bfc4da84286f7c2b19dd) Importer(815301076,1909f56bfc062723c751e8b465ee728b)
Start importing Assets/2D Monsters Pack Animated/mob_4_animation/mob_4_attack/mob_4_atack00000.png using Guid(1bee38a1af32bfc4da84286f7c2b19dd) Importer(815301076,1909f56bfc062723c751e8b465ee728b)  -> (artifact id: '20d19fff7013405a1a51983c7c6fd6dd') in 0.040166 seconds 
  Import took 0.044319 seconds .

========================================================================
Received Import Request.
  Time since last request: 0.000202 seconds.
  path: Assets/2D Monsters Pack Animated/mob_4_animation/mob_4_fly/mob_4_fly_00011.png
  artifactKey: Guid(93a3b3c9181a7924395ed90c80083376) Importer(815301076,1909f56bfc062723c751e8b465ee728b)
Start importing Assets/2D Monsters Pack Animated/mob_4_animation/mob_4_fly/mob_4_fly_00011.png using Guid(93a3b3c9181a7924395ed90c80083376) Importer(815301076,1909f56bfc062723c751e8b465ee728b)  -> (artifact id: 'b8ad9bc83d1aecf79d9d73b7074ad3cc') in 0.040516 seconds 
  Import took 0.044784 seconds .

========================================================================
Received Import Request.
  Time since last request: 0.000196 seconds.
  path: Assets/2D Monsters Pack Animated/mob_4_animation/mob_4_death/mob_4_death_00007.png
  artifactKey: Guid(13765f95ec93d2a49983bbf0ab227595) Importer(815301076,1909f56bfc062723c751e8b465ee728b)
Start importing Assets/2D Monsters Pack Animated/mob_4_animation/mob_4_death/mob_4_death_00007.png using Guid(13765f95ec93d2a49983bbf0ab227595) Importer(815301076,1909f56bfc062723c751e8b465ee728b)  -> (artifact id: 'cc150b8a3ebaccf469e8762434b8b518') in 0.044245 seconds 
  Import took 0.048170 seconds .

========================================================================
Received Import Request.
  Time since last request: 0.000198 seconds.
  path: Assets/2D Monsters Pack Animated/mob_4_animation/mob_4_fly/mob_4_fly_00003.png
  artifactKey: Guid(f0224c5556b67654abbd474bb121bb83) Importer(815301076,1909f56bfc062723c751e8b465ee728b)
Start importing Assets/2D Monsters Pack Animated/mob_4_animation/mob_4_fly/mob_4_fly_00003.png using Guid(f0224c5556b67654abbd474bb121bb83) Importer(815301076,1909f56bfc062723c751e8b465ee728b)  -> (artifact id: '85308fc2ba4d41d0c8694e84955f12c6') in 0.045262 seconds 
  Import took 0.049382 seconds .

========================================================================
Received Import Request.
  Time since last request: 0.000198 seconds.
  path: Assets/2D Monsters Pack Animated/mob_4_animation/mob_4_fly/mob_4_fly_00007.png
  artifactKey: Guid(af4a2424529365d4a9c0408f7e4afb17) Importer(815301076,1909f56bfc062723c751e8b465ee728b)
Start importing Assets/2D Monsters Pack Animated/mob_4_animation/mob_4_fly/mob_4_fly_00007.png using Guid(af4a2424529365d4a9c0408f7e4afb17) Importer(815301076,1909f56bfc062723c751e8b465ee728b)  -> (artifact id: '0886d126971bd79f732fe7cf91faff34') in 0.043568 seconds 
  Import took 0.047686 seconds .

========================================================================
Received Import Request.
  Time since last request: 0.000256 seconds.
  path: Assets/2D Monsters Pack Animated/mob_4_animation/mob_4_stand/mob_4_00017.png
  artifactKey: Guid(8c12d1c550d57454b9183cc459b84ff4) Importer(815301076,1909f56bfc062723c751e8b465ee728b)
Start importing Assets/2D Monsters Pack Animated/mob_4_animation/mob_4_stand/mob_4_00017.png using Guid(8c12d1c550d57454b9183cc459b84ff4) Importer(815301076,1909f56bfc062723c751e8b465ee728b)  -> (artifact id: 'a38e5f70bbf4465bed911997f48164dc') in 0.052498 seconds 
  Import took 0.056957 seconds .

========================================================================
Received Import Request.
  Time since last request: 0.010427 seconds.
  path: Assets/2D Monsters Pack Animated/mob_4_animation/mob_4_attack/mob_4_atack00001.png
  artifactKey: Guid(34adca1beb3356641b77c650129a61da) Importer(815301076,1909f56bfc062723c751e8b465ee728b)
Start importing Assets/2D Monsters Pack Animated/mob_4_animation/mob_4_attack/mob_4_atack00001.png using Guid(34adca1beb3356641b77c650129a61da) Importer(815301076,1909f56bfc062723c751e8b465ee728b)  -> (artifact id: '25828d32957e5b0097ce4c451c5d1ccc') in 0.044328 seconds 
  Import took 0.048765 seconds .

========================================================================
Received Import Request.
  Time since last request: 0.000287 seconds.
  path: Assets/2D Monsters Pack Animated/mob_4_animation/mob_4_attack/mob_4_atack00007.png
  artifactKey: Guid(4dd1e75e80c571f40969ba79e35acd4b) Importer(815301076,1909f56bfc062723c751e8b465ee728b)
Start importing Assets/2D Monsters Pack Animated/mob_4_animation/mob_4_attack/mob_4_atack00007.png using Guid(4dd1e75e80c571f40969ba79e35acd4b) Importer(815301076,1909f56bfc062723c751e8b465ee728b)  -> (artifact id: '029afb2f92e4e430cff158d0b6c6e3dd') in 0.036042 seconds 
  Import took 0.040267 seconds .

========================================================================
Received Import Request.
  Time since last request: 0.000278 seconds.
  path: Assets/2D Monsters Pack Animated/mob_4_animation/mob_4_stand/mob_4_00020.png
  artifactKey: Guid(229e208964948a9479bd9ce53cac4d8c) Importer(815301076,1909f56bfc062723c751e8b465ee728b)
Start importing Assets/2D Monsters Pack Animated/mob_4_animation/mob_4_stand/mob_4_00020.png using Guid(229e208964948a9479bd9ce53cac4d8c) Importer(815301076,1909f56bfc062723c751e8b465ee728b)  -> (artifact id: '8e5ac192c52df67734da51763732c9c6') in 0.034623 seconds 
  Import took 0.038788 seconds .

========================================================================
Received Import Request.
  Time since last request: 0.000214 seconds.
  path: Assets/2D Monsters Pack Animated/mob_4_animation/mob_4_fly/mob_4_fly_00008.png
  artifactKey: Guid(c1dc734ae1da8764fb6f7e7f95ab2490) Importer(815301076,1909f56bfc062723c751e8b465ee728b)
Start importing Assets/2D Monsters Pack Animated/mob_4_animation/mob_4_fly/mob_4_fly_00008.png using Guid(c1dc734ae1da8764fb6f7e7f95ab2490) Importer(815301076,1909f56bfc062723c751e8b465ee728b)  -> (artifact id: '08338fde05efd941c508a71a80f33bf9') in 0.037881 seconds 
  Import took 0.042212 seconds .

========================================================================
Received Import Request.
  Time since last request: 0.000234 seconds.
  path: Assets/2D Monsters Pack Animated/mob_4_animation/mob_4_attack/mob_4_atack00003.png
  artifactKey: Guid(ea5d87714ff19a543b80f958b5b23208) Importer(815301076,1909f56bfc062723c751e8b465ee728b)
Start importing Assets/2D Monsters Pack Animated/mob_4_animation/mob_4_attack/mob_4_atack00003.png using Guid(ea5d87714ff19a543b80f958b5b23208) Importer(815301076,1909f56bfc062723c751e8b465ee728b)  -> (artifact id: '1bf9326c332195cf45c04fb7194c9c56') in 0.036197 seconds 
  Import took 0.061379 seconds .

========================================================================
Received Import Request.
  Time since last request: 0.000477 seconds.
  path: Assets/2D Monsters Pack Animated/mob_4_animation/mob_4_fly/mob_4_fly_00000.png
  artifactKey: Guid(b25ad74923f06ad498ac7af048fdaba8) Importer(815301076,1909f56bfc062723c751e8b465ee728b)
Start importing Assets/2D Monsters Pack Animated/mob_4_animation/mob_4_fly/mob_4_fly_00000.png using Guid(b25ad74923f06ad498ac7af048fdaba8) Importer(815301076,1909f56bfc062723c751e8b465ee728b)  -> (artifact id: '92fd107fe8d617ab204e79b504697057') in 0.052901 seconds 
  Import took 0.059248 seconds .

========================================================================
Received Import Request.
  Time since last request: 0.000237 seconds.
  path: Assets/2D Monsters Pack Animated/mob_4_animation/mob_4_death/mob_4_death_00009.png
  artifactKey: Guid(997d6a706900e9842b251a05a0f0ade8) Importer(815301076,1909f56bfc062723c751e8b465ee728b)
Start importing Assets/2D Monsters Pack Animated/mob_4_animation/mob_4_death/mob_4_death_00009.png using Guid(997d6a706900e9842b251a05a0f0ade8) Importer(815301076,1909f56bfc062723c751e8b465ee728b)  -> (artifact id: 'e964406b5f0ca02f1a8c2788cfd33b35') in 0.039024 seconds 
  Import took 0.044257 seconds .

========================================================================
Received Import Request.
  Time since last request: 0.000212 seconds.
  path: Assets/2D Monsters Pack Animated/mob_4_animation/mob_4_stand/mob_4_00022.png
  artifactKey: Guid(2d1091d13ed5c294fa5af4ff90d0b051) Importer(815301076,1909f56bfc062723c751e8b465ee728b)
Start importing Assets/2D Monsters Pack Animated/mob_4_animation/mob_4_stand/mob_4_00022.png using Guid(2d1091d13ed5c294fa5af4ff90d0b051) Importer(815301076,1909f56bfc062723c751e8b465ee728b)  -> (artifact id: 'fa9ac8699fa2b64eeea8dd7ab93cd04c') in 0.036755 seconds 
  Import took 0.041272 seconds .

========================================================================
Received Import Request.
  Time since last request: 0.000220 seconds.
  path: Assets/2D Monsters Pack Animated/mob_4_animation/mob_4_stand/mob_4_00025.png
  artifactKey: Guid(9b6d5a1d44e247d4d87dd4ca9c8f011d) Importer(815301076,1909f56bfc062723c751e8b465ee728b)
Start importing Assets/2D Monsters Pack Animated/mob_4_animation/mob_4_stand/mob_4_00025.png using Guid(9b6d5a1d44e247d4d87dd4ca9c8f011d) Importer(815301076,1909f56bfc062723c751e8b465ee728b)  -> (artifact id: '1cc6c990251134acb4083491d962af38') in 0.044956 seconds 
  Import took 0.051123 seconds .

========================================================================
Received Import Request.
  Time since last request: 0.000333 seconds.
  path: Assets/2D Monsters Pack Animated/mob_4_animation/mob_4_fly/mob_4_fly_00001.png
  artifactKey: Guid(40c77ddc9f44ac74d831c9ac9a0afb4e) Importer(815301076,1909f56bfc062723c751e8b465ee728b)
Start importing Assets/2D Monsters Pack Animated/mob_4_animation/mob_4_fly/mob_4_fly_00001.png using Guid(40c77ddc9f44ac74d831c9ac9a0afb4e) Importer(815301076,1909f56bfc062723c751e8b465ee728b)  -> (artifact id: '7ad3baf810952e92fbbaa57a8f7ed182') in 0.038964 seconds 
  Import took 0.043932 seconds .

========================================================================
Received Import Request.
  Time since last request: 0.000207 seconds.
  path: Assets/2D Monsters Pack Animated/mob_4_animation/mob_4_fly/mob_4_fly_00005.png
  artifactKey: Guid(087ef87c51b976c46a16592266cbf485) Importer(815301076,1909f56bfc062723c751e8b465ee728b)
Start importing Assets/2D Monsters Pack Animated/mob_4_animation/mob_4_fly/mob_4_fly_00005.png using Guid(087ef87c51b976c46a16592266cbf485) Importer(815301076,1909f56bfc062723c751e8b465ee728b)  -> (artifact id: '716139581f4be0d2b825972427e70d48') in 0.035890 seconds 
  Import took 0.040241 seconds .

========================================================================
Received Import Request.
  Time since last request: 0.000227 seconds.
  path: Assets/2D Monsters Pack Animated/mob_4_animation/mob_4_attack/mob_4_atack00002.png
  artifactKey: Guid(b92ec8ef84192a44a956585858f8ec53) Importer(815301076,1909f56bfc062723c751e8b465ee728b)
Start importing Assets/2D Monsters Pack Animated/mob_4_animation/mob_4_attack/mob_4_atack00002.png using Guid(b92ec8ef84192a44a956585858f8ec53) Importer(815301076,1909f56bfc062723c751e8b465ee728b)  -> (artifact id: 'e454a7304caf9c19a28e5df6af74c0b1') in 0.036985 seconds 
  Import took 0.042272 seconds .

========================================================================
Received Import Request.
  Time since last request: 0.000199 seconds.
  path: Assets/2D Monsters Pack Animated/mob_4_animation/mob_4_death/mob_4_death_00006.png
  artifactKey: Guid(7b5ac492e30025642ab9cf0e97d7243d) Importer(815301076,1909f56bfc062723c751e8b465ee728b)
Start importing Assets/2D Monsters Pack Animated/mob_4_animation/mob_4_death/mob_4_death_00006.png using Guid(7b5ac492e30025642ab9cf0e97d7243d) Importer(815301076,1909f56bfc062723c751e8b465ee728b)  -> (artifact id: 'e00c1aa5dae0b9cc5a9840e9993f0049') in 0.035083 seconds 
  Import took 0.039094 seconds .

========================================================================
Received Import Request.
  Time since last request: 0.000197 seconds.
  path: Assets/2D Monsters Pack Animated/mob_4_animation/mob_4_stand/mob_4_00023.png
  artifactKey: Guid(31b1daabd4160034887d76a3dff1dc9b) Importer(815301076,1909f56bfc062723c751e8b465ee728b)
Start importing Assets/2D Monsters Pack Animated/mob_4_animation/mob_4_stand/mob_4_00023.png using Guid(31b1daabd4160034887d76a3dff1dc9b) Importer(815301076,1909f56bfc062723c751e8b465ee728b)  -> (artifact id: 'd8666eb2c630c3e4b775f3d86de77dae') in 0.034682 seconds 
  Import took 0.039100 seconds .

========================================================================
Received Import Request.
  Time since last request: 0.000206 seconds.
  path: Assets/2D Monsters Pack Animated/mob_4_animation/mob_4_gait/mob_4_gait_00004.png
  artifactKey: Guid(d3fab98d070346749a9d379481ad5883) Importer(815301076,1909f56bfc062723c751e8b465ee728b)
Start importing Assets/2D Monsters Pack Animated/mob_4_animation/mob_4_gait/mob_4_gait_00004.png using Guid(d3fab98d070346749a9d379481ad5883) Importer(815301076,1909f56bfc062723c751e8b465ee728b)  -> (artifact id: '12221a91c4bb972407b6e9449e5c5384') in 0.035676 seconds 
  Import took 0.042449 seconds .

========================================================================
Received Import Request.
  Time since last request: 0.000220 seconds.
  path: Assets/2D Monsters Pack Animated/mob_4_animation/mob_4_stand/mob_4_00002.png
  artifactKey: Guid(10eaa4cc25ee4eb44aa6e6a5a68319bb) Importer(815301076,1909f56bfc062723c751e8b465ee728b)
Start importing Assets/2D Monsters Pack Animated/mob_4_animation/mob_4_stand/mob_4_00002.png using Guid(10eaa4cc25ee4eb44aa6e6a5a68319bb) Importer(815301076,1909f56bfc062723c751e8b465ee728b)  -> (artifact id: '195dad315462ed1b466ec3f9b69c04cb') in 0.036152 seconds 
  Import took 0.040598 seconds .

========================================================================
Received Import Request.
  Time since last request: 0.000219 seconds.
  path: Assets/2D Monsters Pack Animated/mob_4_animation/mob_4_stand/mob_4_00021.png
  artifactKey: Guid(219bb8d404f54ea4b8b34872d9d0482a) Importer(815301076,1909f56bfc062723c751e8b465ee728b)
Start importing Assets/2D Monsters Pack Animated/mob_4_animation/mob_4_stand/mob_4_00021.png using Guid(219bb8d404f54ea4b8b34872d9d0482a) Importer(815301076,1909f56bfc062723c751e8b465ee728b)  -> (artifact id: '1803de357cdd92acc6791632b1bbcb27') in 0.034896 seconds 
  Import took 0.039253 seconds .

========================================================================
Received Import Request.
  Time since last request: 0.000205 seconds.
  path: Assets/2D Monsters Pack Animated/mob_4_animation/mob_4_fly/mob_4_fly_00004.png
  artifactKey: Guid(01239ef86615e8e42b8829afad3d914b) Importer(815301076,1909f56bfc062723c751e8b465ee728b)
Start importing Assets/2D Monsters Pack Animated/mob_4_animation/mob_4_fly/mob_4_fly_00004.png using Guid(01239ef86615e8e42b8829afad3d914b) Importer(815301076,1909f56bfc062723c751e8b465ee728b)  -> (artifact id: 'f0539a2ed5e1ca71117289f8c2fa7c0f') in 0.035650 seconds 
  Import took 0.039914 seconds .

========================================================================
Received Import Request.
  Time since last request: 0.000243 seconds.
  path: Assets/2D Monsters Pack Animated/mob_4_animation/mob_4_fly/mob_4_fly_00002.png
  artifactKey: Guid(ab10a306fa116ed478c043217e5375cc) Importer(815301076,1909f56bfc062723c751e8b465ee728b)
Start importing Assets/2D Monsters Pack Animated/mob_4_animation/mob_4_fly/mob_4_fly_00002.png using Guid(ab10a306fa116ed478c043217e5375cc) Importer(815301076,1909f56bfc062723c751e8b465ee728b)  -> (artifact id: 'e8aac41e6139c21640418596d9982ccd') in 0.036351 seconds 
  Import took 0.040325 seconds .

========================================================================
Received Import Request.
  Time since last request: 0.000238 seconds.
  path: Assets/2D Monsters Pack Animated/mob_4_animation/mob_4_death/mob_4_death_00001.png
  artifactKey: Guid(338e3ff2c560a824fab8ce419812d602) Importer(815301076,1909f56bfc062723c751e8b465ee728b)
Start importing Assets/2D Monsters Pack Animated/mob_4_animation/mob_4_death/mob_4_death_00001.png using Guid(338e3ff2c560a824fab8ce419812d602) Importer(815301076,1909f56bfc062723c751e8b465ee728b)  -> (artifact id: '10678e4ebe3308884b769d44f4b9ef4a') in 0.036123 seconds 
  Import took 0.039805 seconds .

========================================================================
Received Prepare
Registering precompiled user dll's ...
Registered in 0.013698 seconds.
Begin MonoManager ReloadAssembly
Native extension for WindowsStandalone target not found
Refreshing native plugins compatible for Editor in 0.88 ms, found 3 plugins.
Preloading 0 native plugins for Editor in 0.00 ms.
Mono: successfully reloaded assembly
- Completed reload, in  1.676 seconds
Domain Reload Profiling:
	ReloadAssembly (1677ms)
		BeginReloadAssembly (152ms)
			ExecutionOrderSort (0ms)
			DisableScriptedObjects (9ms)
			BackupInstance (0ms)
			ReleaseScriptingObjects (0ms)
			CreateAndSetChildDomain (51ms)
		EndReloadAssembly (1449ms)
			LoadAssemblies (118ms)
			RebuildTransferFunctionScriptingTraits (0ms)
			SetupTypeCache (676ms)
			ReleaseScriptCaches (1ms)
			RebuildScriptCaches (68ms)
			SetupLoadedEditorAssemblies (447ms)
				LogAssemblyErrors (0ms)
				InitializePlatformSupportModulesInManaged (6ms)
				SetLoadedEditorAssemblies (1ms)
				RefreshPlugins (1ms)
				BeforeProcessingInitializeOnLoad (127ms)
				ProcessInitializeOnLoadAttributes (292ms)
				ProcessInitializeOnLoadMethodAttributes (16ms)
				AfterProcessingInitializeOnLoad (4ms)
				EditorAssembliesLoaded (0ms)
			ExecutionOrderSort2 (0ms)
			AwakeInstancesAfterBackupRestoration (12ms)
Platform modules already initialized, skipping
Refreshing native plugins compatible for Editor in 0.61 ms, found 3 plugins.
Preloading 0 native plugins for Editor in 0.00 ms.
Unloading 2198 Unused Serialized files (Serialized files now loaded: 0)
System memory in use before: 118.8 MB.
System memory in use after: 118.9 MB.

Unloading 17 unused Assets to reduce memory usage. Loaded Objects now: 2686.
Total: 4.309200 ms (FindLiveObjects: 0.325200 ms CreateObjectMapping: 0.209900 ms MarkObjects: 3.732300 ms  DeleteObjects: 0.039900 ms)

AssetImportParameters requested are different than current active one (requested -> active):
  custom:framework-win-MediaFoundation: 216162199b28c13a410421893ffa2e32 -> 
  custom:video-decoder-ogg-theora: a1e56fd34408186e4bbccfd4996cb3dc -> 
  custom:container-muxer-webm: aa71ff27fc2769a1b78a27578f13a17b -> 
  custom:container-demuxer-webm: 4f35f7cbe854078d1ac9338744f61a02 -> 
  custom:container-demuxer-ogg: 62fdf1f143b41e24485cea50d1cbac27 -> 
  custom:video-encoder-webm-vp8: eb34c28f22e8b96e1ab97ce403110664 -> 
  custom:video-decoder-webm-vp8: 9c59270c3fd7afecdb556c50c9e8de78 -> 
  custom:audio-decoder-ogg-vorbis: bf7c407c2cedff20999df2af8eb42d56 -> 
  custom:audio-encoder-webm-vorbis: bf7c407c2cedff20999df2af8eb42d56 -> 
AssetImportWorkerClient::OnTransportError - code=2 error=End of file
